[browser] Detected `scroll-behavior: smooth` on the `<html>` element. To disable smooth scrolling during route transitions, add `data-scroll-behavior="smooth"` to your <html> element. Learn more: https://nextjs.org/docs/messages/missing-data-scroll-behavior (file://C:/Users/drago/Documents/Coding assignments/CivilAI/frontend/Website/civil-ai-web/.next/dev/static/chunks/node_modules_next_dist_115brz8._.js:2431:13)
⚠ Found a change in next.config.ts. Restarting the server to apply the changes...
[browser] Failed to fetch RSC payload for http://localhost:3000/subscription. Falling back to browser navigation. TypeError: Failed to fetch
    at J1.n.fetch (chrome-extension://ejkboneafcafckbjhnfhehlcanejlgmc/base.js:1:54891)
    at createFetch (file://C:/Users/drago/Documents/Coding assignments/CivilAI/frontend/Website/civil-ai-web/.next/dev/static/chunks/node_modules_next_dist_client_0fhqo1d._.js:8084:21)
    at fetchServerResponse (file://C:/Users/drago/Documents/Coding assignments/CivilAI/frontend/Website/civil-ai-web/.next/dev/static/chunks/node_modules_next_dist_client_0fhqo1d._.js:7928:27)
    at fetchMissingDynamicData (file://C:/Users/drago/Documents/Coding assignments/CivilAI/frontend/Website/civil-ai-web/.next/dev/static/chunks/node_modules_next_dist_client_0fhqo1d._.js:9341:75)
    at spawnDynamicRequests (file://C:/Users/drago/Documents/Coding assignments/CivilAI/frontend/Website/civil-ai-web/.next/dev/static/chunks/node_modules_next_dist_client_0fhqo1d._.js:9149:35)
    at navigateToKnownRoute (file://C:/Users/drago/Documents/Coding assignments/CivilAI/frontend/Website/civil-ai-web/.next/dev/static/chunks/node_modules_next_dist_client_0fhqo1d._.js:10033:54)
    at refreshDynamicData (file://C:/Users/drago/Documents/Coding assignments/CivilAI/frontend/Website/civil-ai-web/.next/dev/static/chunks/node_modules_next_dist_client_0fhqo1d._.js:10653:49)
    at hmrRefreshReducer (file://C:/Users/drago/Documents/Coding assignments/CivilAI/frontend/Website/civil-ai-web/.next/dev/static/chunks/node_modules_next_dist_client_0fhqo1d._.js:10802:51)
    at clientReducer (file://C:/Users/drago/Documents/Coding assignments/CivilAI/frontend/Website/civil-ai-web/.next/dev/static/chunks/node_modules_next_dist_client_0fhqo1d._.js:11398:65)
    at Object.action (file://C:/Users/drago/Documents/Coding assignments/CivilAI/frontend/Website/civil-ai-web/.next/dev/static/chunks/node_modules_next_dist_client_0fhqo1d._.js:11631:55)
    at runAction (file://C:/Users/drago/Documents/Coding assignments/CivilAI/frontend/Website/civil-ai-web/.next/dev/static/chunks/node_modules_next_dist_client_0fhqo1d._.js:11536:38)
    at dispatchAction (file://C:/Users/drago/Documents/Coding assignments/CivilAI/frontend/Website/civil-ai-web/.next/dev/static/chunks/node_modules_next_dist_client_0fhqo1d._.js:11599:9)
    at Object.dispatch (file://C:/Users/drago/Documents/Coding assignments/CivilAI/frontend/Website/civil-ai-web/.next/dev/static/chunks/node_modules_next_dist_client_0fhqo1d._.js:11629:40)
    at <unknown> (file://C:/Users/drago/Documents/Coding assignments/CivilAI/frontend/Website/civil-ai-web/.next/dev/static/chunks/node_modules_next_dist_client_0fhqo1d._.js:963:29)
    at startTransition (file://C:/Users/drago/Documents/Coding assignments/CivilAI/frontend/Website/civil-ai-web/.next/dev/static/chunks/node_modules_next_dist_compiled_react-dom_058-ah~._.js:5469:31)
    at nextDispatch (file://C:/Users/drago/Documents/Coding assignments/CivilAI/frontend/Website/civil-ai-web/.next/dev/static/chunks/node_modules_next_dist_client_0fhqo1d._.js:962:13)
    at dispatchAppRouterAction (file://C:/Users/drago/Documents/Coding assignments/CivilAI/frontend/Website/civil-ai-web/.next/dev/static/chunks/node_modules_next_dist_client_0fhqo1d._.js:922:5)
    at <unknown> (file://C:/Users/drago/Documents/Coding assignments/CivilAI/frontend/Website/civil-ai-web/.next/dev/static/chunks/node_modules_next_dist_client_0fhqo1d._.js:11800:61)
    at startTransition (file://C:/Users/drago/Documents/Coding assignments/CivilAI/frontend/Website/civil-ai-web/.next/dev/static/chunks/node_modules_next_dist_compiled_0rpq4pf._.js:1279:31)
    at Object.hmrRefresh (file://C:/Users/drago/Documents/Coding assignments/CivilAI/frontend/Website/civil-ai-web/.next/dev/static/chunks/node_modules_next_dist_client_0fhqo1d._.js:11799:40)
    at <unknown> (file://C:/Users/drago/Documents/Coding assignments/CivilAI/frontend/Website/civil-ai-web/.next/dev/static/chunks/node_modules_next_dist_client_0fhqo1d._.js:13967:64)
    at startTransition (file://C:/Users/drago/Documents/Coding assignments/CivilAI/frontend/Website/civil-ai-web/.next/dev/static/chunks/node_modules_next_dist_compiled_0rpq4pf._.js:1279:31)
    at processMessage (file://C:/Users/drago/Documents/Coding assignments/CivilAI/frontend/Website/civil-ai-web/.next/dev/static/chunks/node_modules_next_dist_client_0fhqo1d._.js:13966:44)
    at J1.n.WebSocket.handleMessage (file://C:/Users/drago/Documents/Coding assignments/CivilAI/frontend/Website/civil-ai-web/.next/dev/static/chunks/node_modules_next_dist_client_0fhqo1d._.js:13335:52) (file://C:/Users/drago/Documents/Coding assignments/CivilAI/frontend/Website/civil-ai-web/.next/dev/static/chunks/node_modules_next_dist_client_0fhqo1d._.js:8005:21)
⚠ Found a change in next.config.ts. Restarting the server to apply the changes...
⚠ Fast Refresh had to perform a full reload when ./app/context/AuthContext.tsx changed. Read more: https://nextjs.org/docs/messages/fast-refresh-reload
